<?xml version="1.0" encoding="UTF-8"?>
<!-- Generated by org.testng.reporters.JUnitXMLReporter -->
<testsuite hostname="Yen-PC" name="CreateNewProject" tests="1" failures="1" timestamp="21 Mar 2016 18:42:52 GMT" time="5.486" errors="0">
  <testcase name="@BeforeClass setupClass" time="0.0" classname="com.vsii.tsc.OpenERP.testcase.CreateNewProject">
    <failure type="java.lang.NullPointerException">
      <![CDATA[java.lang.NullPointerException
	at com.vsii.tsc.OpenERP.commethods.CommonMethods.checkLogin(CommonMethods.java:16)
	at com.vsii.tsc.OpenERP.testcase.CreateNewProject.setupClass(CreateNewProject.java:27)
... Removed 24 stack frames]]>
    </failure>
  </testcase> <!-- @BeforeClass setupClass -->
  <testcase name="CN01" time="5.085" classname="com.vsii.tsc.OpenERP.testcase.CreateNewProject">
    <failure type="org.testng.TestNGException" message="
The data provider is trying to pass 1 parameters but the method com.vsii.tsc.OpenERP.testcase.CreateNewProject#CN01 takes 10 and TestNG is unable in inject a suitable object">
      <![CDATA[org.testng.TestNGException: 
The data provider is trying to pass 1 parameters but the method com.vsii.tsc.OpenERP.testcase.CreateNewProject#CN01 takes 10 and TestNG is unable in inject a suitable object
Caused by: java.lang.ArrayIndexOutOfBoundsException: 1
	... 17 more
... Removed 19 stack frames]]>
    </failure>
  </testcase> <!-- CN01 -->
</testsuite> <!-- CreateNewProject -->
